<?xml version="1.0" encoding="UTF-8"?>
<testng-results skipped="0" failed="0" ignored="0" total="1" passed="1">
  <reporter-output>
  </reporter-output>
  <suite name="inetbankingV1" duration-ms="12524" started-at="2019-12-17T17:17:36Z" finished-at="2019-12-17T17:17:48Z">
    <groups>
    </groups>
    <test name="BankingApp Test" duration-ms="12524" started-at="2019-12-17T17:17:36Z" finished-at="2019-12-17T17:17:48Z">
      <class name="com.inetbanking.testCases.TC_LoginTest_001">
        <test-method status="PASS" signature="Setup(java.lang.String)[pri:0, instance:com.inetbanking.testCases.TC_LoginTest_001@19b4d0f]" name="Setup" is-config="true" duration-ms="7574" started-at="2019-12-17T17:17:36Z" finished-at="2019-12-17T17:17:44Z">
          <params>
            <param index="0">
              <value>
                <![CDATA[chrome]]>
              </value>
            </param>
          </params>
          <reporter-output>
          </reporter-output>
        </test-method> <!-- Setup -->
        <test-method status="PASS" signature="LoginTest()[pri:0, instance:com.inetbanking.testCases.TC_LoginTest_001@19b4d0f]" name="LoginTest" duration-ms="3233" started-at="2019-12-17T17:17:44Z" finished-at="2019-12-17T17:17:47Z">
          <reporter-output>
          </reporter-output>
        </test-method> <!-- LoginTest -->
        <test-method status="PASS" signature="tearDown()[pri:0, instance:com.inetbanking.testCases.TC_LoginTest_001@19b4d0f]" name="tearDown" is-config="true" duration-ms="1387" started-at="2019-12-17T17:17:47Z" finished-at="2019-12-17T17:17:48Z">
          <reporter-output>
          </reporter-output>
        </test-method> <!-- tearDown -->
      </class> <!-- com.inetbanking.testCases.TC_LoginTest_001 -->
    </test> <!-- BankingApp Test -->
  </suite> <!-- inetbankingV1 -->
</testng-results>
