<?xml version="1.0" encoding="UTF-8"?>
<testng-results skipped="0" failed="0" ignored="0" total="1" passed="1">
  <reporter-output>
  </reporter-output>
  <suite name="inetbankingV1" duration-ms="18828" started-at="2019-12-14T13:43:40Z" finished-at="2019-12-14T13:43:59Z">
    <groups>
    </groups>
    <test name="BankingApp Test" duration-ms="18828" started-at="2019-12-14T13:43:40Z" finished-at="2019-12-14T13:43:59Z">
      <class name="com.inetbanking.testCases.TC_LoginTest_001">
        <test-method status="PASS" signature="Setup(java.lang.String)[pri:0, instance:com.inetbanking.testCases.TC_LoginTest_001@1ce92674]" name="Setup" is-config="true" duration-ms="13722" started-at="2019-12-14T13:43:41Z" finished-at="2019-12-14T13:43:54Z">
          <params>
            <param index="0">
              <value>
                <![CDATA[chrome]]>
              </value>
            </param>
          </params>
          <reporter-output>
          </reporter-output>
        </test-method> <!-- Setup -->
        <test-method status="PASS" signature="LoginTest()[pri:0, instance:com.inetbanking.testCases.TC_LoginTest_001@1ce92674]" name="LoginTest" duration-ms="3618" started-at="2019-12-14T13:43:54Z" finished-at="2019-12-14T13:43:58Z">
          <reporter-output>
          </reporter-output>
        </test-method> <!-- LoginTest -->
        <test-method status="PASS" signature="tearDown()[pri:0, instance:com.inetbanking.testCases.TC_LoginTest_001@1ce92674]" name="tearDown" is-config="true" duration-ms="957" started-at="2019-12-14T13:43:58Z" finished-at="2019-12-14T13:43:59Z">
          <reporter-output>
          </reporter-output>
        </test-method> <!-- tearDown -->
      </class> <!-- com.inetbanking.testCases.TC_LoginTest_001 -->
    </test> <!-- BankingApp Test -->
  </suite> <!-- inetbankingV1 -->
</testng-results>
